This is pdfTeXk, Version 3.1415926-1.40.9 (Web2C 7.5.7) (format=pdflatex 2008.8.22)  10 JUL 2014 09:29
entering extended mode
\write18 enabled.
 %&-line parsing enabled.
**scifile.tex
(./scifile.tex
LaTeX2e <2005/12/01>
Babel <v3.8l> and hyphenation patterns for english, usenglishmax, dumylang, noh
yphenation, german-x-2008-06-18, ngerman-x-2008-06-18, ancientgreek, ibycus, ar
abic, basque, bulgarian, catalan, pinyin, coptic, croatian, czech, danish, dutc
h, esperanto, estonian, farsi, finnish, french, galician, german, ngerman, mono
greek, greek, hungarian, icelandic, indonesian, interlingua, irish, italian, la
tin, mongolian, mongolian2a, bokmal, nynorsk, polish, portuguese, romanian, rus
sian, sanskrit, serbian, slovak, slovenian, spanish, swedish, turkish, ukenglis
h, ukrainian, uppersorbian, welsh, loaded.
(/usr/local/texlive/2008/texmf-dist/tex/latex/base/article.cls
Document Class: article 2005/09/16 v1.4f Standard LaTeX document class
(/usr/local/texlive/2008/texmf-dist/tex/latex/base/size12.clo
File: size12.clo 2005/09/16 v1.4f Standard LaTeX file (size option)
)
\c@part=\count79
\c@section=\count80
\c@subsection=\count81
\c@subsubsection=\count82
\c@paragraph=\count83
\c@subparagraph=\count84
\c@figure=\count85
\c@table=\count86
\abovecaptionskip=\skip41
\belowcaptionskip=\skip42
\bibindent=\dimen102
) (./scicite.sty
LaTeX Info: Redefining \cite on input line 160.
LaTeX Info: Redefining \nocite on input line 227.
Package: scicite 2003/11/04  v 4.01
) (/usr/local/texlive/2008/texmf-dist/tex/latex/psnfss/times.sty
Package: times 2005/04/12 PSNFSS-v9.2a (SPQR) 
)
\c@lastnote=\count87

No file scifile.aux.
\openout1 = `scifile.aux'.

LaTeX Font Info:    Checking defaults for OML/cmm/m/it on input line 95.
LaTeX Font Info:    ... okay on input line 95.
LaTeX Font Info:    Checking defaults for T1/cmr/m/n on input line 95.
LaTeX Font Info:    ... okay on input line 95.
LaTeX Font Info:    Checking defaults for OT1/cmr/m/n on input line 95.
LaTeX Font Info:    ... okay on input line 95.
LaTeX Font Info:    Checking defaults for OMS/cmsy/m/n on input line 95.
LaTeX Font Info:    ... okay on input line 95.
LaTeX Font Info:    Checking defaults for OMX/cmex/m/n on input line 95.
LaTeX Font Info:    ... okay on input line 95.
LaTeX Font Info:    Checking defaults for U/cmr/m/n on input line 95.
LaTeX Font Info:    ... okay on input line 95.
LaTeX Font Info:    Try loading font information for OT1+ptm on input line 95.
(/usr/local/texlive/2008/texmf-dist/tex/latex/psnfss/ot1ptm.fd
File: ot1ptm.fd 2001/06/04 font definitions for OT1/ptm.
)
LaTeX Font Info:    External font `cmex10' loaded for size
(Font)              <14.4> on input line 103.
LaTeX Font Info:    External font `cmex10' loaded for size
(Font)              <7> on input line 103.
LaTeX Font Info:    External font `cmex10' loaded for size
(Font)              <12> on input line 103.
LaTeX Font Info:    External font `cmex10' loaded for size
(Font)              <8> on input line 103.
LaTeX Font Info:    External font `cmex10' loaded for size
(Font)              <6> on input line 103.
LaTeX Font Info:    Font shape `OT1/ptm/bx/n' in size <12> not available
(Font)              Font shape `OT1/ptm/b/n' tried instead on input line 109.
LaTeX Font Info:    Font shape `OT1/ptm/bx/n' in size <8> not available
(Font)              Font shape `OT1/ptm/b/n' tried instead on input line 111.
LaTeX Font Info:    Try loading font information for OT1+pcr on input line 112.


(/usr/local/texlive/2008/texmf-dist/tex/latex/psnfss/ot1pcr.fd
File: ot1pcr.fd 2001/06/04 font definitions for OT1/pcr.
)
LaTeX Font Info:    Font shape `OT1/pcr/bx/n' in size <12> not available
(Font)              Font shape `OT1/pcr/b/n' tried instead on input line 112.
LaTeX Font Info:    Try loading font information for OMS+pcr on input line 114.


(/usr/local/texlive/2008/texmf-dist/tex/latex/psnfss/omspcr.fd
File: omspcr.fd 
)

LaTeX Font Warning: Font shape `OMS/pcr/bx/n' undefined
(Font)              using `OMS/pcr/m/n' instead
(Font)              for symbol `textbraceleft' on input line 114.

LaTeX Font Info:    Font shape `OMS/pcr/m/n' in size <12> not available
(Font)              Font shape `OMS/cmsy/m/n' tried instead on input line 114.
LaTeX Font Info:    Font shape `OMS/pcr/bx/n' in size <12> not available
(Font)              Font shape `OMS/cmsy/m/n' tried instead on input line 114.
LaTeX Font Info:    Font shape `OT1/ptm/bx/n' in size <17.28> not available
(Font)              Font shape `OT1/ptm/b/n' tried instead on input line 130.
LaTeX Font Info:    Font shape `OT1/ptm/bx/it' in size <12> not available
(Font)              Font shape `OT1/ptm/b/it' tried instead on input line 143.

LaTeX Warning: Citation `tth' on page 1 undefined on input line 143.


LaTeX Warning: Citation `use2e' on page 1 undefined on input line 150.

[1

{/usr/local/texlive/2008/texmf-var/fonts/map/pdftex/updmap/pdftex.map}]
[2]

LaTeX Warning: Citation `inclme' on page 3 undefined on input line 208.

! Missing $ inserted.
<inserted text> 
                $
l.212 ...ww.sciencemag.org/about/authors/prep/TeX_
                                                  help/).  You can also
? 
! Missing $ inserted.
<inserted text> 
                $
l.216 
      
? 

Overfull \hbox (813.15508pt too wide) in paragraph at lines 207--216
\OT1/ptm/m/n/12 thor help site (http://www.sciencemag.org/about/authors/prep/Te
X$[]\OML/cmm/m/it/12 elp=\OT1/cmr/m/n/12 )\OML/cmm/m/it/12 :Youcanalsogeneratey
ourreferencelistsbyusingthelistenvironment[]attheendofyoursourcedocument\OT1/cm
r/m/n/12 ; \OML/cmm/m/it/12 hereagain; youmayfindthe[]fileuseful:$ 
 []

[3]

LaTeX Warning: Citation `nattex' on page 4 undefined on input line 270.

[4]
LaTeX Font Info:    Try loading font information for OMS+ptm on input line 301.

 (/usr/local/texlive/2008/texmf-dist/tex/latex/psnfss/omsptm.fd
File: omsptm.fd 
)
LaTeX Font Info:    Font shape `OMS/ptm/m/n' in size <12> not available
(Font)              Font shape `OMS/cmsy/m/n' tried instead on input line 301.
 [5]
Overfull \hbox (30.35535pt too wide) in paragraph at lines 323--326
[]\OT1/ptm/m/n/12 From B\OT1/ptm/m/n/10.95 IB\OT1/ptm/m/n/12 T[]X users, your b
ib-li-og-ra-phy (\OT1/pcr/m/n/12 .bib\OT1/ptm/m/n/12 ) file, \OT1/ptm/m/it/12 a
nd \OT1/ptm/m/n/12 the gen-er-ated file \OT1/pcr/m/n/12 ltxfile.bbl
 []

No file scifile.bbl.
[6] [7

] (./scifile.aux)

LaTeX Font Warning: Some font shapes were not available, defaults substituted.


LaTeX Warning: There were undefined references.

 ) 
Here is how much of TeX's memory you used:
 454 strings out of 493886
 5502 string characters out of 1151099
 51889 words of memory out of 3000000
 3768 multiletter control sequences out of 10000+50000
 26626 words of font info for 53 fonts, out of 3000000 for 5000
 714 hyphenation exceptions out of 8191
 22i,8n,20p,158b,309s stack positions out of 5000i,500n,10000p,200000b,50000s
{/usr/local/texlive/2008/texmf-dist/fonts/enc/dvips/base/8r.enc}</usr/local/t
exlive/2008/texmf-dist/fonts/type1/bluesky/cm/cmmi12.pfb></usr/local/texlive/20
08/texmf-dist/fonts/type1/bluesky/cm/cmmi8.pfb></usr/local/texlive/2008/texmf-d
ist/fonts/type1/bluesky/cm/cmr10.pfb></usr/local/texlive/2008/texmf-dist/fonts/
type1/bluesky/cm/cmr12.pfb></usr/local/texlive/2008/texmf-dist/fonts/type1/blue
sky/cm/cmr8.pfb></usr/local/texlive/2008/texmf-dist/fonts/type1/bluesky/cm/cmsy
10.pfb></usr/local/texlive/2008/texmf-dist/fonts/type1/bluesky/cm/cmsy8.pfb></u
sr/local/texlive/2008/texmf-dist/fonts/type1/urw/courier/ucrb8a.pfb></usr/local
/texlive/2008/texmf-dist/fonts/type1/urw/courier/ucrr8a.pfb></usr/local/texlive
/2008/texmf-dist/fonts/type1/urw/times/utmb8a.pfb></usr/local/texlive/2008/texm
f-dist/fonts/type1/urw/times/utmbi8a.pfb></usr/local/texlive/2008/texmf-dist/fo
nts/type1/urw/times/utmr8a.pfb></usr/local/texlive/2008/texmf-dist/fonts/type1/
urw/times/utmri8a.pfb>
Output written on scifile.pdf (7 pages, 111735 bytes).
PDF statistics:
 79 PDF objects out of 1000 (max. 8388607)
 0 named destinations out of 1000 (max. 131072)
 1 words of extra memory for PDF output out of 10000 (max. 10000000)

