This is pdfTeX, Version 3.1415926-2.5-1.40.14 (TeX Live 2013/MacPorts 2013_5) (format=pdflatex 2014.3.24)  10 SEP 2014 09:48
entering extended mode
 restricted \write18 enabled.
 %&-line parsing enabled.
**\input refComplex_nature.tex
(./refComplex_nature.tex
(/opt/local/share/texmf-texlive/tex/latex/base/article.cls
Document Class: article 2007/10/19 v1.4h Standard LaTeX document class
(/opt/local/share/texmf-texlive/tex/latex/base/size12.clo
File: size12.clo 2007/10/19 v1.4h Standard LaTeX file (size option)
)
\c@part=\count79
\c@section=\count80
\c@subsection=\count81
\c@subsubsection=\count82
\c@paragraph=\count83
\c@subparagraph=\count84
\c@figure=\count85
\c@table=\count86
\abovecaptionskip=\skip41
\belowcaptionskip=\skip42
\bibindent=\dimen102
) (./scicite.sty
LaTeX Info: Redefining \cite on input line 160.
LaTeX Info: Redefining \nocite on input line 227.
Package: scicite 2003/11/04  v 4.01
LaTeX Info: Redefining \cite on input line 295.
)
(/opt/local/share/texmf-texlive/tex/latex/psnfss/times.sty
Package: times 2005/04/12 PSNFSS-v9.2a (SPQR) 
)
(/opt/local/share/texmf-texlive/tex/latex/graphics/graphicx.sty
Package: graphicx 1999/02/16 v1.0f Enhanced LaTeX Graphics (DPC,SPQR)

(/opt/local/share/texmf-texlive/tex/latex/graphics/keyval.sty
Package: keyval 1999/03/16 v1.13 key=value parser (DPC)
\KV@toks@=\toks14
)
(/opt/local/share/texmf-texlive/tex/latex/graphics/graphics.sty
Package: graphics 2009/02/05 v1.0o Standard LaTeX Graphics (DPC,SPQR)

(/opt/local/share/texmf-texlive/tex/latex/graphics/trig.sty
Package: trig 1999/03/16 v1.09 sin cos tan (DPC)
)
(/opt/local/share/texmf-texlive/tex/latex/latexconfig/graphics.cfg
File: graphics.cfg 2010/04/23 v1.9 graphics configuration of TeX Live
)
Package graphics Info: Driver file: pdftex.def on input line 91.

(/opt/local/share/texmf-texlive/tex/latex/pdftex-def/pdftex.def
File: pdftex.def 2011/05/27 v0.06d Graphics/color for pdfTeX

(/opt/local/share/texmf-texlive/tex/generic/oberdiek/infwarerr.sty
Package: infwarerr 2010/04/08 v1.3 Providing info/warning/error messages (HO)
)
(/opt/local/share/texmf-texlive/tex/generic/oberdiek/ltxcmds.sty
Package: ltxcmds 2011/11/09 v1.22 LaTeX kernel commands for general use (HO)
)
\Gread@gobject=\count87
))
\Gin@req@height=\dimen103
\Gin@req@width=\dimen104
)
(/opt/local/share/texmf-texlive/tex/latex/caption/caption.sty
Package: caption 2013/05/02 v3.3-89 Customizing captions (AR)

(/opt/local/share/texmf-texlive/tex/latex/caption/caption3.sty
Package: caption3 2013/05/02 v1.6-88 caption3 kernel (AR)
Package caption3 Info: TeX engine: e-TeX on input line 57.
\captionmargin=\dimen105
\captionmargin@=\dimen106
\captionwidth=\dimen107
\caption@tempdima=\dimen108
\caption@indent=\dimen109
\caption@parindent=\dimen110
\caption@hangindent=\dimen111
)
\c@ContinuedFloat=\count88
)
\c@lastnote=\count89

(./refComplex_nature.aux

LaTeX Warning: Label `fig:real_objs' multiply defined.

)
\openout1 = `refComplex_nature.aux'.

LaTeX Font Info:    Checking defaults for OML/cmm/m/it on input line 93.
LaTeX Font Info:    ... okay on input line 93.
LaTeX Font Info:    Checking defaults for T1/cmr/m/n on input line 93.
LaTeX Font Info:    ... okay on input line 93.
LaTeX Font Info:    Checking defaults for OT1/cmr/m/n on input line 93.
LaTeX Font Info:    ... okay on input line 93.
LaTeX Font Info:    Checking defaults for OMS/cmsy/m/n on input line 93.
LaTeX Font Info:    ... okay on input line 93.
LaTeX Font Info:    Checking defaults for OMX/cmex/m/n on input line 93.
LaTeX Font Info:    ... okay on input line 93.
LaTeX Font Info:    Checking defaults for U/cmr/m/n on input line 93.
LaTeX Font Info:    ... okay on input line 93.
LaTeX Font Info:    Try loading font information for OT1+ptm on input line 93.
 (/opt/local/share/texmf-texlive/tex/latex/psnfss/ot1ptm.fd
File: ot1ptm.fd 2001/06/04 font definitions for OT1/ptm.
)
(/opt/local/share/texmf-texlive/tex/context/base/supp-pdf.mkii
[Loading MPS to PDF converter (version 2006.09.02).]
\scratchcounter=\count90
\scratchdimen=\dimen112
\scratchbox=\box26
\nofMPsegments=\count91
\nofMParguments=\count92
\everyMPshowfont=\toks15
\MPscratchCnt=\count93
\MPscratchDim=\dimen113
\MPnumerator=\count94
\makeMPintoPDFobject=\count95
\everyMPtoPDFconversion=\toks16
) (/opt/local/share/texmf-texlive/tex/generic/oberdiek/pdftexcmds.sty
Package: pdftexcmds 2011/11/29 v0.20 Utility functions of pdfTeX for LuaTeX (HO
)

(/opt/local/share/texmf-texlive/tex/generic/oberdiek/ifluatex.sty
Package: ifluatex 2010/03/01 v1.3 Provides the ifluatex switch (HO)
Package ifluatex Info: LuaTeX not detected.
)
(/opt/local/share/texmf-texlive/tex/generic/oberdiek/ifpdf.sty
Package: ifpdf 2011/01/30 v2.3 Provides the ifpdf switch (HO)
Package ifpdf Info: pdfTeX in PDF mode is detected.
)
Package pdftexcmds Info: LuaTeX not detected.
Package pdftexcmds Info: \pdf@primitive is available.
Package pdftexcmds Info: \pdf@ifprimitive is available.
Package pdftexcmds Info: \pdfdraftmode found.
)
(/opt/local/share/texmf-texlive/tex/latex/oberdiek/epstopdf-base.sty
Package: epstopdf-base 2010/02/09 v2.5 Base part for package epstopdf

(/opt/local/share/texmf-texlive/tex/latex/oberdiek/grfext.sty
Package: grfext 2010/08/19 v1.1 Manage graphics extensions (HO)

(/opt/local/share/texmf-texlive/tex/generic/oberdiek/kvdefinekeys.sty
Package: kvdefinekeys 2011/04/07 v1.3 Define keys (HO)
))
(/opt/local/share/texmf-texlive/tex/latex/oberdiek/kvoptions.sty
Package: kvoptions 2011/06/30 v3.11 Key value format for package options (HO)

(/opt/local/share/texmf-texlive/tex/generic/oberdiek/kvsetkeys.sty
Package: kvsetkeys 2012/04/25 v1.16 Key value parser (HO)

(/opt/local/share/texmf-texlive/tex/generic/oberdiek/etexcmds.sty
Package: etexcmds 2011/02/16 v1.5 Avoid name clashes with e-TeX commands (HO)
Package etexcmds Info: Could not find \expanded.
(etexcmds)             That can mean that you are not using pdfTeX 1.50 or
(etexcmds)             that some package has redefined \expanded.
(etexcmds)             In the latter case, load this package earlier.
)))
Package grfext Info: Graphics extension search list:
(grfext)             [.png,.pdf,.jpg,.mps,.jpeg,.jbig2,.jb2,.PNG,.PDF,.JPG,.JPE
G,.JBIG2,.JB2,.eps]
(grfext)             \AppendGraphicsExtensions on input line 452.

(/opt/local/share/texmf-texlive/tex/latex/latexconfig/epstopdf-sys.cfg
File: epstopdf-sys.cfg 2010/07/13 v1.3 Configuration of (r)epstopdf for TeX Liv
e
))
Package caption Info: Begin \AtBeginDocument code.
Package caption Info: End \AtBeginDocument code.
LaTeX Font Info:    External font `cmex10' loaded for size
(Font)              <14.4> on input line 99.
LaTeX Font Info:    External font `cmex10' loaded for size
(Font)              <7> on input line 99.
LaTeX Font Info:    External font `cmex10' loaded for size
(Font)              <12> on input line 99.
LaTeX Font Info:    External font `cmex10' loaded for size
(Font)              <8> on input line 99.
LaTeX Font Info:    External font `cmex10' loaded for size
(Font)              <6> on input line 99.
LaTeX Font Info:    Font shape `OT1/ptm/bx/n' in size <12> not available
(Font)              Font shape `OT1/ptm/b/n' tried instead on input line 107.
LaTeX Font Info:    Font shape `OT1/ptm/bx/n' in size <8> not available
(Font)              Font shape `OT1/ptm/b/n' tried instead on input line 107.

[1

{/opt/local/var/db/texmf/fonts/map/pdftex/updmap/pdftex.map}]
<figs/geons.pdf, id=9, 736.89604pt x 651.24304pt>
File: figs/geons.pdf Graphic file (type pdf)
 <use figs/geons.pdf>
Package pdftex.def Info: figs/geons.pdf used on input line 114.
(pdftex.def)             Requested size: 368.44711pt x 325.62073pt.
 [2 <./figs/geons.pdf>] <figs/realobjs.pdf, id=95, 736.89604pt x 651.24304pt>
File: figs/realobjs.pdf Graphic file (type pdf)

<use figs/realobjs.pdf>
Package pdftex.def Info: figs/realobjs.pdf used on input line 126.
(pdftex.def)             Requested size: 368.44711pt x 325.62073pt.
 [3] [4 <./figs/realobjs.pdf>]
<figs/xling.pdf, id=261, 867.24pt x 433.62pt>
File: figs/xling.pdf Graphic file (type pdf)
 <use figs/xling.pdf>
Package pdftex.def Info: figs/xling.pdf used on input line 142.
(pdftex.def)             Requested size: 459.63503pt x 229.8175pt.

Overfull \hbox (4.39095pt too wide) in paragraph at lines 142--143
 [] 
 []

[5 <./figs/xling.pdf>] [6] (./refComplex_nature.bbl
LaTeX Font Info:    Font shape `OT1/ptm/bx/n' in size <17.28> not available
(Font)              Font shape `OT1/ptm/b/n' tried instead on input line 1.
 [7])
Underfull \hbox (badness 10000) in paragraph at lines 173--174

 []


Underfull \hbox (badness 10000) in paragraph at lines 175--182

 []


Underfull \hbox (badness 10000) in paragraph at lines 175--182

 []

[8] [9] (./refComplex_nature.aux)

LaTeX Warning: There were multiply-defined labels.

 ) 
Here is how much of TeX's memory you used:
 2699 strings out of 495035
 42480 string characters out of 6181625
 96700 words of memory out of 5000000
 5888 multiletter control sequences out of 15000+600000
 19591 words of font info for 42 fonts, out of 8000000 for 9000
 14 hyphenation exceptions out of 8191
 38i,7n,38p,1293b,312s stack positions out of 5000i,500n,10000p,200000b,80000s
{/opt/local/share/texmf-texlive/fonts/enc/dvips/base/8r.enc}</opt/local/share
/texmf-texlive/fonts/type1/public/amsfonts/cm/cmmi12.pfb></opt/local/share/texm
f-texlive/fonts/type1/public/amsfonts/cm/cmmi8.pfb></opt/local/share/texmf-texl
ive/fonts/type1/public/amsfonts/cm/cmr12.pfb></opt/local/share/texmf-texlive/fo
nts/type1/public/amsfonts/cm/cmsy8.pfb></opt/local/share/texmf-texlive/fonts/ty
pe1/urw/times/utmb8a.pfb></opt/local/share/texmf-texlive/fonts/type1/urw/times/
utmr8a.pfb></opt/local/share/texmf-texlive/fonts/type1/urw/times/utmri8a.pfb>
Output written on refComplex_nature.pdf (9 pages, 23786742 bytes).
PDF statistics:
 310 PDF objects out of 1000 (max. 8388607)
 148 compressed objects within 2 object streams
 0 named destinations out of 1000 (max. 500000)
 16 words of extra memory for PDF output out of 10000 (max. 10000000)

